<?xml version="1.0" encoding="UTF-8"?>
<testng-results ignored="0" total="1" passed="1" failed="0" skipped="0">
  <reporter-output>
  </reporter-output>
  <suite started-at="2023-01-21T19:58:47 IST" name="Default suite" finished-at="2023-01-21T19:58:48 IST" duration-ms="995">
    <groups>
    </groups>
    <test started-at="2023-01-21T19:58:47 IST" name="Default test" finished-at="2023-01-21T19:58:48 IST" duration-ms="995">
      <class name="testNG.SampleTestCase">
        <test-method signature="firsttestcase()[pri:0, instance:testNG.SampleTestCase@50b472aa]" started-at="2023-01-21T19:58:48 IST" name="firsttestcase" finished-at="2023-01-21T19:58:48 IST" duration-ms="163" status="PASS">
          <reporter-output>
          </reporter-output>
        </test-method> <!-- firsttestcase -->
      </class> <!-- testNG.SampleTestCase -->
    </test> <!-- Default test -->
  </suite> <!-- Default suite -->
</testng-results>
